nohup: ignoring input
Starting Rails API on http://0.0.0.0:3001
Starting Vite frontend on http://0.0.0.0:5173

> frontend@0.0.0 dev
> vite --host 0.0.0.0 --port 5173 --strictPort


  VITE v8.1.0  ready in 225 ms

  ➜  Local:   http://localhost:5173/
  ➜  Network: http://192.168.1.115:5173/
=> Booting Puma
=> Rails 8.1.3 application starting in development 
=> Run `bin/rails server --help` for more startup options
Puma starting in single mode...
* Puma version: 8.0.2 ("Into the Arena")
* Ruby version: ruby 4.0.5 (2026-05-20 revision 64336ffd0e) +PRISM [x86_64-linux]
*  Min threads: 3
*  Max threads: 3
*  Environment: development
*          PID: 315144
* Listening on http://0.0.0.0:3001
Use Ctrl-C to stop
Started GET "/" for 127.0.0.1 at 2026-06-29 20:22:53 +0300
  [1m[36mActiveRecord::SchemaMigration Load (2.5ms)[0m  [1m[34mSELECT "schema_migrations"."version" FROM "schema_migrations" ORDER BY "schema_migrations"."version" ASC /*application='Backend'*/[0m
Processing by Rails::WelcomeController#index as HTML
  Rendering /home/bashararef/.gem/gems/railties-8.1.3/lib/rails/templates/rails/welcome/index.html.erb
  Rendered /home/bashararef/.gem/gems/railties-8.1.3/lib/rails/templates/rails/welcome/index.html.erb (Duration: 0.7ms | GC: 0.0ms)
Completed 200 OK in 25ms (Views: 4.5ms | ActiveRecord: 0.0ms (0 queries, 0 cached) | GC: 0.0ms)


Started GET "/icon.png" for 127.0.0.1 at 2026-06-29 20:22:53 +0300
  
ActionController::RoutingError (No route matches [GET] "/icon.png"):
  
